<?xml version="1.0" encoding="UTF-8"?>
<!-- Generated by org.testng.reporters.JUnitXMLReporter -->
<testsuite hostname="MSI-L1584" name="grc_automation" tests="11" failures="0" timestamp="13 Oct 2017 12:06:36 GMT" time="248.438" errors="0">
  <testcase name="areaOfComplianceAllData" time="81.896" classname="com.met.datadriven.sanitytestcases.AOC_form"/>
  <testcase name="assetclass_sanity_form" time="88.38" classname="com.met.datadriven.sanitytestcases.AssetClass_form"/>
  <testcase name="standardData" time="104.473" classname="com.met.datadriven.sanitytestcases.Standard_form"/>
  <testcase name="assetFormData" time="105.763" classname="com.met.datadriven.sanitytestcases.Asset_form"/>
  <testcase name="evidenceData" time="105.382" classname="com.met.datadriven.sanitytestcases.Evidence_form"/>
  <testcase name="aoc_report_validation" time="37.449" classname="com.met.datadriven.sanitytestcases.AOC_report"/>
  <testcase name="financialAccountData" time="92.54" classname="com.met.datadriven.sanitytestcases.FinancialAccount_form"/>
  <testcase name="frameworkReferenceData" time="91.319" classname="com.met.datadriven.sanitytestcases.FrameworkReference_form"/>
  <testcase name="assetclass_report_validation" time="36.846" classname="com.met.datadriven.sanitytestcases.AssetClass_report"/>
  <testcase name="functionData" time="81.21" classname="com.met.datadriven.sanitytestcases.Function_form"/>
  <testcase name="objectiveForm_Sanity" time="121.545" classname="com.met.datadriven.sanitytestcases.Objective_form"/>
</testsuite> <!-- grc_automation -->
