<?xml version="1.0" encoding="UTF-8"?>
<testng-results skipped="0" failed="0" total="1" passed="1">
  <reporter-output>
  </reporter-output>
  <suite name="Default suite" duration-ms="53180" started-at="2017-10-23T06:23:04Z" finished-at="2017-10-23T06:23:58Z">
    <groups>
      <group name="regression">
        <method signature="AOC_DataBrowser_Validation.areaOfComplianceAllData(java.lang.String, java.lang.String, java.lang.String, java.lang.String, java.lang.String, java.lang.String, java.lang.String, java.lang.String, java.lang.String, java.lang.String, java.lang.String, java.lang.String, java.lang.String, java.lang.String, java.lang.String, java.lang.String, java.lang.String, java.lang.String, java.lang.String, java.lang.String, java.lang.String, java.lang.String, java.lang.String, java.lang.String, java.lang.String, java.lang.String, java.lang.String)[pri:0, instance:com.met.datadriven.regressiontestcases.AOC_DataBrowser_Validation@880ec60]" name="areaOfComplianceAllData" class="com.met.datadriven.regressiontestcases.AOC_DataBrowser_Validation"/>
      </group> <!-- regression -->
    </groups>
    <test name="Default test" duration-ms="53180" started-at="2017-10-23T06:23:04Z" finished-at="2017-10-23T06:23:58Z">
      <class name="com.met.datadriven.regressiontestcases.AOC_DataBrowser_Validation">
        <test-method status="PASS" signature="browser_url_access()[pri:0, instance:com.met.datadriven.regressiontestcases.AOC_DataBrowser_Validation@880ec60]" name="browser_url_access" is-config="true" duration-ms="4008" started-at="2017-10-23T11:53:05Z" finished-at="2017-10-23T11:53:09Z">
          <reporter-output>
          </reporter-output>
        </test-method> <!-- browser_url_access -->
        <test-method status="PASS" signature="areaOfComplianceAllData(java.lang.String, java.lang.String, java.lang.String, java.lang.String, java.lang.String, java.lang.String, java.lang.String, java.lang.String, java.lang.String, java.lang.String, java.lang.String, java.lang.String, java.lang.String, java.lang.String, java.lang.String, java.lang.String, java.lang.String, java.lang.String, java.lang.String, java.lang.String, java.lang.String, java.lang.String, java.lang.String, java.lang.String, java.lang.String, java.lang.String, java.lang.String)[pri:0, instance:com.met.datadriven.regressiontestcases.AOC_DataBrowser_Validation@880ec60]" name="areaOfComplianceAllData" duration-ms="47843" started-at="2017-10-23T11:53:09Z" data-provider="getData" finished-at="2017-10-23T11:53:56Z">
          <params>
            <param index="0">
              <value>
                <![CDATA[Bella.Bader]]>
              </value>
            </param>
            <param index="1">
              <value>
                <![CDATA[welcome*12]]>
              </value>
            </param>
            <param index="2">
              <value>
                <![CDATA[AOC_form_workflow_Ini_owner_l1_l2_approvers]]>
              </value>
            </param>
            <param index="3">
              <value>
                <![CDATA[]]>
              </value>
            </param>
            <param index="4">
              <value>
                <![CDATA[]]>
              </value>
            </param>
            <param index="5">
              <value>
                <![CDATA[]]>
              </value>
            </param>
            <param index="6">
              <value>
                <![CDATA[]]>
              </value>
            </param>
            <param index="7">
              <value>
                <![CDATA[]]>
              </value>
            </param>
            <param index="8">
              <value>
                <![CDATA[]]>
              </value>
            </param>
            <param index="9">
              <value>
                <![CDATA[]]>
              </value>
            </param>
            <param index="10">
              <value>
                <![CDATA[]]>
              </value>
            </param>
            <param index="11">
              <value>
                <![CDATA[]]>
              </value>
            </param>
            <param index="12">
              <value>
                <![CDATA[]]>
              </value>
            </param>
            <param index="13">
              <value>
                <![CDATA[]]>
              </value>
            </param>
            <param index="14">
              <value>
                <![CDATA[]]>
              </value>
            </param>
            <param index="15">
              <value>
                <![CDATA[]]>
              </value>
            </param>
            <param index="16">
              <value>
                <![CDATA[]]>
              </value>
            </param>
            <param index="17">
              <value>
                <![CDATA[]]>
              </value>
            </param>
            <param index="18">
              <value>
                <![CDATA[]]>
              </value>
            </param>
            <param index="19">
              <value>
                <![CDATA[]]>
              </value>
            </param>
            <param index="20">
              <value>
                <![CDATA[]]>
              </value>
            </param>
            <param index="21">
              <value>
                <![CDATA[]]>
              </value>
            </param>
            <param index="22">
              <value>
                <![CDATA[]]>
              </value>
            </param>
            <param index="23">
              <value>
                <![CDATA[]]>
              </value>
            </param>
            <param index="24">
              <value>
                <![CDATA[]]>
              </value>
            </param>
            <param index="25">
              <value>
                <![CDATA[]]>
              </value>
            </param>
            <param index="26">
              <value>
                <![CDATA[]]>
              </value>
            </param>
          </params>
          <reporter-output>
          </reporter-output>
        </test-method> <!-- areaOfComplianceAllData -->
        <test-method status="PASS" signature="closing_browser()[pri:0, instance:com.met.datadriven.regressiontestcases.AOC_DataBrowser_Validation@880ec60]" name="closing_browser" is-config="true" duration-ms="1179" started-at="2017-10-23T11:53:56Z" finished-at="2017-10-23T11:53:58Z">
          <reporter-output>
          </reporter-output>
        </test-method> <!-- closing_browser -->
      </class> <!-- com.met.datadriven.regressiontestcases.AOC_DataBrowser_Validation -->
    </test> <!-- Default test -->
  </suite> <!-- Default suite -->
</testng-results>
